# JRE version: OpenJDK Runtime Environment Temurin-21.0.7+6 (21.0.7+6) (build 21.0.7+6-LTS)
# Java VM: OpenJDK 64-Bit Server VM Temurin-21.0.7+6 (21.0.7+6-LTS, mixed mode, sharing, tiered, compressed oops, compressed class ptrs, parallel gc, windows-amd64)
GC Precious Log:
 CardTable entry size: 512
 CPUs: 12 total, 12 available
 Memory: 16085M
 Large Page Support: Disabled
 NUMA Support: Disabled
 Compressed Oops: Enabled (32-bit)
 Alignments: Space 512K, Generation 512K, Heap 2M
 Heap Min Capacity: 100M
 Heap Initial Capacity: 100M
 Heap Max Capacity: 1G
 Pre-touch: Disabled
 Parallel Workers: 10
Heap:
 PSYoungGen      total 4096K, used 1144K [0x00000000eab00000, 0x00000000eb100000, 0x0000000100000000)
  eden space 3584K, 20% used [0x00000000eab00000,0x00000000eabb62c0,0x00000000eae80000)
  from space 512K, 81% used [0x00000000eae80000,0x00000000eaee8000,0x00000000eaf00000)
  to   space 1024K, 0% used [0x00000000eb000000,0x00000000eb000000,0x00000000eb100000)
 ParOldGen       total 257536K, used 257089K [0x00000000c0000000, 0x00000000cfb80000, 0x00000000eab00000)
  object space 257536K, 99% used [0x00000000c0000000,0x00000000cfb10430,0x00000000cfb80000)
 Metaspace       used 64909K, committed 66304K, reserved 1114112K
  class space    used 6853K, committed 7424K, reserved 1048576K
GC Heap History (20 events):
Event: 77.380 GC heap before
{Heap before GC invocations=1342 (full 3):
 PSYoungGen      total 5632K, used 5280K [0x00000000eab00000, 0x00000000eb100000, 0x0000000100000000)
  eden space 5120K, 100% used [0x00000000eab00000,0x00000000eb000000,0x00000000eb000000)
  from space 512K, 31% used [0x00000000eb000000,0x00000000eb028000,0x00000000eb080000)
  to   space 512K, 0% used [0x00000000eb080000,0x00000000eb080000,0x00000000eb100000)
 ParOldGen       total 254976K, used 254937K [0x00000000c0000000, 0x00000000cf900000, 0x00000000eab00000)
  object space 254976K, 99% used [0x00000000c0000000,0x00000000cf8f6420,0x00000000cf900000)
 Metaspace       used 64507K, committed 65920K, reserved 1114112K
  class space    used 6781K, committed 7360K, reserved 1048576K
}
Event: 77.382 GC heap after
{Heap after GC invocations=1342 (full 3):
 PSYoungGen      total 5632K, used 256K [0x00000000eab00000, 0x00000000eb100000, 0x0000000100000000)
  eden space 5120K, 0% used [0x00000000eab00000,0x00000000eab00000,0x00000000eb000000)
  from space 512K, 50% used [0x00000000eb080000,0x00000000eb0c0000,0x00000000eb100000)
  to   space 512K, 0% used [0x00000000eb000000,0x00000000eb000000,0x00000000eb080000)
 ParOldGen       total 255488K, used 255009K [0x00000000c0000000, 0x00000000cf980000, 0x00000000eab00000)
  object space 255488K, 99% used [0x00000000c0000000,0x00000000cf908420,0x00000000cf980000)
 Metaspace       used 64507K, committed 65920K, reserved 1114112K
  class space    used 6781K, committed 7360K, reserved 1048576K
}
Event: 77.396 GC heap before
{Heap before GC invocations=1343 (full 3):
 PSYoungGen      total 5632K, used 5376K [0x00000000eab00000, 0x00000000eb100000, 0x0000000100000000)
  eden space 5120K, 100% used [0x00000000eab00000,0x00000000eb000000,0x00000000eb000000)
  from space 512K, 50% used [0x00000000eb080000,0x00000000eb0c0000,0x00000000eb100000)
  to   space 512K, 0% used [0x00000000eb000000,0x00000000eb000000,0x00000000eb080000)
 ParOldGen       total 255488K, used 255009K [0x00000000c0000000, 0x00000000cf980000, 0x00000000eab00000)
  object space 255488K, 99% used [0x00000000c0000000,0x00000000cf908420,0x00000000cf980000)
 Metaspace       used 64507K, committed 65920K, reserved 1114112K
  class space    used 6781K, committed 7360K, reserved 1048576K
}
Event: 77.397 GC heap after
{Heap after GC invocations=1343 (full 3):
 PSYoungGen      total 5632K, used 320K [0x00000000eab00000, 0x00000000eb100000, 0x0000000100000000)
  eden space 5120K, 0% used [0x00000000eab00000,0x00000000eab00000,0x00000000eb000000)
  from space 512K, 62% used [0x00000000eb000000,0x00000000eb050000,0x00000000eb080000)
  to   space 512K, 0% used [0x00000000eb080000,0x00000000eb080000,0x00000000eb100000)
 ParOldGen       total 255488K, used 255105K [0x00000000c0000000, 0x00000000cf980000, 0x00000000eab00000)
  object space 255488K, 99% used [0x00000000c0000000,0x00000000cf920420,0x00000000cf980000)
 Metaspace       used 64507K, committed 65920K, reserved 1114112K
  class space    used 6781K, committed 7360K, reserved 1048576K
}
Event: 77.412 GC heap before
{Heap before GC invocations=1344 (full 3):
 PSYoungGen      total 5632K, used 5440K [0x00000000eab00000, 0x00000000eb100000, 0x0000000100000000)
  eden space 5120K, 100% used [0x00000000eab00000,0x00000000eb000000,0x00000000eb000000)
  from space 512K, 62% used [0x00000000eb000000,0x00000000eb050000,0x00000000eb080000)
  to   space 512K, 0% used [0x00000000eb080000,0x00000000eb080000,0x00000000eb100000)
 ParOldGen       total 255488K, used 255105K [0x00000000c0000000, 0x00000000cf980000, 0x00000000eab00000)
  object space 255488K, 99% used [0x00000000c0000000,0x00000000cf920420,0x00000000cf980000)
 Metaspace       used 64507K, committed 65920K, reserved 1114112K
  class space    used 6781K, committed 7360K, reserved 1048576K
}
Event: 77.413 GC heap after
{Heap after GC invocations=1344 (full 3):
 PSYoungGen      total 5632K, used 256K [0x00000000eab00000, 0x00000000eb100000, 0x0000000100000000)
  eden space 5120K, 0% used [0x00000000eab00000,0x00000000eab00000,0x00000000eb000000)
  from space 512K, 50% used [0x00000000eb080000,0x00000000eb0c0000,0x00000000eb100000)
  to   space 512K, 0% used [0x00000000eb000000,0x00000000eb000000,0x00000000eb080000)
 ParOldGen       total 255488K, used 255233K [0x00000000c0000000, 0x00000000cf980000, 0x00000000eab00000)
  object space 255488K, 99% used [0x00000000c0000000,0x00000000cf940420,0x00000000cf980000)
 Metaspace       used 64507K, committed 65920K, reserved 1114112K
  class space    used 6781K, committed 7360K, reserved 1048576K
}
Event: 77.431 GC heap before
{Heap before GC invocations=1345 (full 3):
 PSYoungGen      total 5632K, used 5376K [0x00000000eab00000, 0x00000000eb100000, 0x0000000100000000)
  eden space 5120K, 100% used [0x00000000eab00000,0x00000000eb000000,0x00000000eb000000)
  from space 512K, 50% used [0x00000000eb080000,0x00000000eb0c0000,0x00000000eb100000)
  to   space 512K, 0% used [0x00000000eb000000,0x00000000eb000000,0x00000000eb080000)
 ParOldGen       total 255488K, used 255233K [0x00000000c0000000, 0x00000000cf980000, 0x00000000eab00000)
  object space 255488K, 99% used [0x00000000c0000000,0x00000000cf940420,0x00000000cf980000)
 Metaspace       used 64507K, committed 65920K, reserved 1114112K
  class space    used 6781K, committed 7360K, reserved 1048576K
}
Event: 77.432 GC heap after
{Heap after GC invocations=1345 (full 3):
 PSYoungGen      total 5632K, used 288K [0x00000000eab00000, 0x00000000eb100000, 0x0000000100000000)
  eden space 5120K, 0% used [0x00000000eab00000,0x00000000eab00000,0x00000000eb000000)
  from space 512K, 56% used [0x00000000eb000000,0x00000000eb048000,0x00000000eb080000)
  to   space 512K, 0% used [0x00000000eb080000,0x00000000eb080000,0x00000000eb100000)
 ParOldGen       total 255488K, used 255297K [0x00000000c0000000, 0x00000000cf980000, 0x00000000eab00000)
  object space 255488K, 99% used [0x00000000c0000000,0x00000000cf950420,0x00000000cf980000)
 Metaspace       used 64507K, committed 65920K, reserved 1114112K
  class space    used 6781K, committed 7360K, reserved 1048576K
}
Event: 77.448 GC heap before
{Heap before GC invocations=1346 (full 3):
 PSYoungGen      total 5632K, used 5408K [0x00000000eab00000, 0x00000000eb100000, 0x0000000100000000)
  eden space 5120K, 100% used [0x00000000eab00000,0x00000000eb000000,0x00000000eb000000)
  from space 512K, 56% used [0x00000000eb000000,0x00000000eb048000,0x00000000eb080000)
  to   space 512K, 0% used [0x00000000eb080000,0x00000000eb080000,0x00000000eb100000)
 ParOldGen       total 255488K, used 255297K [0x00000000c0000000, 0x00000000cf980000, 0x00000000eab00000)
  object space 255488K, 99% used [0x00000000c0000000,0x00000000cf950420,0x00000000cf980000)
 Metaspace       used 64507K, committed 65920K, reserved 1114112K
  class space    used 6781K, committed 7360K, reserved 1048576K
}
Event: 77.449 GC heap after
{Heap after GC invocations=1346 (full 3):
 PSYoungGen      total 5632K, used 320K [0x00000000eab00000, 0x00000000eb100000, 0x0000000100000000)
  eden space 5120K, 0% used [0x00000000eab00000,0x00000000eab00000,0x00000000eb000000)
  from space 512K, 62% used [0x00000000eb080000,0x00000000eb0d0000,0x00000000eb100000)
  to   space 512K, 0% used [0x00000000eb000000,0x00000000eb000000,0x00000000eb080000)
 ParOldGen       total 255488K, used 255369K [0x00000000c0000000, 0x00000000cf980000, 0x00000000eab00000)
  object space 255488K, 99% used [0x00000000c0000000,0x00000000cf962420,0x00000000cf980000)
 Metaspace       used 64507K, committed 65920K, reserved 1114112K
  class space    used 6781K, committed 7360K, reserved 1048576K
}
Event: 77.464 GC heap before
{Heap before GC invocations=1347 (full 3):
 PSYoungGen      total 5632K, used 5440K [0x00000000eab00000, 0x00000000eb100000, 0x0000000100000000)
  eden space 5120K, 100% used [0x00000000eab00000,0x00000000eb000000,0x00000000eb000000)
  from space 512K, 62% used [0x00000000eb080000,0x00000000eb0d0000,0x00000000eb100000)
  to   space 512K, 0% used [0x00000000eb000000,0x00000000eb000000,0x00000000eb080000)
 ParOldGen       total 255488K, used 255369K [0x00000000c0000000, 0x00000000cf980000, 0x00000000eab00000)
  object space 255488K, 99% used [0x00000000c0000000,0x00000000cf962420,0x00000000cf980000)
 Metaspace       used 64509K, committed 65920K, reserved 1114112K
  class space    used 6781K, committed 7360K, reserved 1048576K
}
Event: 77.465 GC heap after
{Heap after GC invocations=1347 (full 3):
 PSYoungGen      total 5632K, used 224K [0x00000000eab00000, 0x00000000eb100000, 0x0000000100000000)
  eden space 5120K, 0% used [0x00000000eab00000,0x00000000eab00000,0x00000000eb000000)
  from space 512K, 43% used [0x00000000eb000000,0x00000000eb038000,0x00000000eb080000)
  to   space 512K, 0% used [0x00000000eb080000,0x00000000eb080000,0x00000000eb100000)
 ParOldGen       total 255488K, used 255417K [0x00000000c0000000, 0x00000000cf980000, 0x00000000eab00000)
  object space 255488K, 99% used [0x00000000c0000000,0x00000000cf96e420,0x00000000cf980000)
 Metaspace       used 64509K, committed 65920K, reserved 1114112K
  class space    used 6781K, committed 7360K, reserved 1048576K
}
Event: 77.487 GC heap before
{Heap before GC invocations=1348 (full 3):
 PSYoungGen      total 5632K, used 5344K [0x00000000eab00000, 0x00000000eb100000, 0x0000000100000000)
  eden space 5120K, 100% used [0x00000000eab00000,0x00000000eb000000,0x00000000eb000000)
  from space 512K, 43% used [0x00000000eb000000,0x00000000eb038000,0x00000000eb080000)
  to   space 512K, 0% used [0x00000000eb080000,0x00000000eb080000,0x00000000eb100000)
 ParOldGen       total 255488K, used 255417K [0x00000000c0000000, 0x00000000cf980000, 0x00000000eab00000)
  object space 255488K, 99% used [0x00000000c0000000,0x00000000cf96e420,0x00000000cf980000)
 Metaspace       used 64509K, committed 65920K, reserved 1114112K
  class space    used 6781K, committed 7360K, reserved 1048576K
}
Event: 77.488 GC heap after
{Heap after GC invocations=1348 (full 3):
 PSYoungGen      total 5632K, used 256K [0x00000000eab00000, 0x00000000eb100000, 0x0000000100000000)
  eden space 5120K, 0% used [0x00000000eab00000,0x00000000eab00000,0x00000000eb000000)
  from space 512K, 50% used [0x00000000eb080000,0x00000000eb0c0000,0x00000000eb100000)
  to   space 512K, 0% used [0x00000000eb000000,0x00000000eb000000,0x00000000eb080000)
 ParOldGen       total 255488K, used 255473K [0x00000000c0000000, 0x00000000cf980000, 0x00000000eab00000)
  object space 255488K, 99% used [0x00000000c0000000,0x00000000cf97c420,0x00000000cf980000)
 Metaspace       used 64509K, committed 65920K, reserved 1114112K
  class space    used 6781K, committed 7360K, reserved 1048576K
}
Event: 77.543 GC heap before
{Heap before GC invocations=1349 (full 3):
 PSYoungGen      total 5632K, used 5376K [0x00000000eab00000, 0x00000000eb100000, 0x0000000100000000)
  eden space 5120K, 100% used [0x00000000eab00000,0x00000000eb000000,0x00000000eb000000)
  from space 512K, 50% used [0x00000000eb080000,0x00000000eb0c0000,0x00000000eb100000)
  to   space 512K, 0% used [0x00000000eb000000,0x00000000eb000000,0x00000000eb080000)
 ParOldGen       total 255488K, used 255473K [0x00000000c0000000, 0x00000000cf980000, 0x00000000eab00000)
  object space 255488K, 99% used [0x00000000c0000000,0x00000000cf97c420,0x00000000cf980000)
 Metaspace       used 64509K, committed 65920K, reserved 1114112K
  class space    used 6781K, committed 7360K, reserved 1048576K
}
Event: 77.545 GC heap after
{Heap after GC invocations=1349 (full 3):
 PSYoungGen      total 5632K, used 192K [0x00000000eab00000, 0x00000000eb100000, 0x0000000100000000)
  eden space 5120K, 0% used [0x00000000eab00000,0x00000000eab00000,0x00000000eb000000)
  from space 512K, 37% used [0x00000000eb000000,0x00000000eb030000,0x00000000eb080000)
  to   space 512K, 0% used [0x00000000eb080000,0x00000000eb080000,0x00000000eb100000)
 ParOldGen       total 256000K, used 255545K [0x00000000c0000000, 0x00000000cfa00000, 0x00000000eab00000)
  object space 256000K, 99% used [0x00000000c0000000,0x00000000cf98e420,0x00000000cfa00000)
 Metaspace       used 64509K, committed 65920K, reserved 1114112K
  class space    used 6781K, committed 7360K, reserved 1048576K
}
Event: 77.633 GC heap before
{Heap before GC invocations=1350 (full 3):
 PSYoungGen      total 5632K, used 5312K [0x00000000eab00000, 0x00000000eb100000, 0x0000000100000000)
  eden space 5120K, 100% used [0x00000000eab00000,0x00000000eb000000,0x00000000eb000000)
  from space 512K, 37% used [0x00000000eb000000,0x00000000eb030000,0x00000000eb080000)
  to   space 512K, 0% used [0x00000000eb080000,0x00000000eb080000,0x00000000eb100000)
 ParOldGen       total 256000K, used 255545K [0x00000000c0000000, 0x00000000cfa00000, 0x00000000eab00000)
  object space 256000K, 99% used [0x00000000c0000000,0x00000000cf98e420,0x00000000cfa00000)
 Metaspace       used 64615K, committed 66048K, reserved 1114112K
  class space    used 6804K, committed 7424K, reserved 1048576K
}
Event: 77.642 GC heap after
{Heap after GC invocations=1350 (full 3):
 PSYoungGen      total 4096K, used 480K [0x00000000eab00000, 0x00000000eb400000, 0x0000000100000000)
  eden space 3584K, 0% used [0x00000000eab00000,0x00000000eab00000,0x00000000eae80000)
  from space 512K, 93% used [0x00000000eb080000,0x00000000eb0f8010,0x00000000eb100000)
  to   space 2048K, 0% used [0x00000000eae80000,0x00000000eae80000,0x00000000eb080000)
 ParOldGen       total 257024K, used 256625K [0x00000000c0000000, 0x00000000cfb00000, 0x00000000eab00000)
  object space 257024K, 99% used [0x00000000c0000000,0x00000000cfa9c420,0x00000000cfb00000)
 Metaspace       used 64615K, committed 66048K, reserved 1114112K
  class space    used 6804K, committed 7424K, reserved 1048576K
}
Event: 77.731 GC heap before
{Heap before GC invocations=1351 (full 3):
 PSYoungGen      total 4096K, used 4064K [0x00000000eab00000, 0x00000000eb400000, 0x0000000100000000)
  eden space 3584K, 100% used [0x00000000eab00000,0x00000000eae80000,0x00000000eae80000)
  from space 512K, 93% used [0x00000000eb080000,0x00000000eb0f8010,0x00000000eb100000)
  to   space 2048K, 0% used [0x00000000eae80000,0x00000000eae80000,0x00000000eb080000)
 ParOldGen       total 257024K, used 256625K [0x00000000c0000000, 0x00000000cfb00000, 0x00000000eab00000)
  object space 257024K, 99% used [0x00000000c0000000,0x00000000cfa9c420,0x00000000cfb00000)
 Metaspace       used 64779K, committed 66176K, reserved 1114112K
  class space    used 6827K, committed 7424K, reserved 1048576K
}
Event: 77.735 GC heap after
{Heap after GC invocations=1351 (full 3):
 PSYoungGen      total 4096K, used 416K [0x00000000eab00000, 0x00000000eb100000, 0x0000000100000000)
  eden space 3584K, 0% used [0x00000000eab00000,0x00000000eab00000,0x00000000eae80000)
  from space 512K, 81% used [0x00000000eae80000,0x00000000eaee8000,0x00000000eaf00000)
  to   space 1024K, 0% used [0x00000000eb000000,0x00000000eb000000,0x00000000eb100000)
 ParOldGen       total 257536K, used 257089K [0x00000000c0000000, 0x00000000cfb80000, 0x00000000eab00000)
  object space 257536K, 99% used [0x00000000c0000000,0x00000000cfb10430,0x00000000cfb80000)
 Metaspace       used 64779K, committed 66176K, reserved 1114112K
  class space    used 6827K, committed 7424K, reserved 1048576K
}

