# JRE version: OpenJDK Runtime Environment Temurin-21.0.7+6 (21.0.7+6) (build 21.0.7+6-LTS)
# Java VM: OpenJDK 64-Bit Server VM Temurin-21.0.7+6 (21.0.7+6-LTS, mixed mode, sharing, tiered, compressed oops, compressed class ptrs, parallel gc, windows-amd64)
GC Precious Log:
 CardTable entry size: 512
 CPUs: 12 total, 12 available
 Memory: 16085M
 Large Page Support: Disabled
 NUMA Support: Disabled
 Compressed Oops: Enabled (32-bit)
 Alignments: Space 512K, Generation 512K, Heap 2M
 Heap Min Capacity: 100M
 Heap Initial Capacity: 100M
 Heap Max Capacity: 1G
 Pre-touch: Disabled
 Parallel Workers: 10
Heap:
 PSYoungGen      total 17408K, used 15502K [0x00000000eab00000, 0x00000000ec180000, 0x0000000100000000)
  eden space 15872K, 88% used [0x00000000eab00000,0x00000000eb8a5b38,0x00000000eba80000)
  from space 1536K, 99% used [0x00000000ebc00000,0x00000000ebd7df08,0x00000000ebd80000)
  to   space 3584K, 0% used [0x00000000ebe00000,0x00000000ebe00000,0x00000000ec180000)
 ParOldGen       total 68608K, used 43784K [0x00000000c0000000, 0x00000000c4300000, 0x00000000eab00000)
  object space 68608K, 63% used [0x00000000c0000000,0x00000000c2ac20a8,0x00000000c4300000)
 Metaspace       used 46971K, committed 48192K, reserved 1114112K
  class space    used 4977K, committed 5504K, reserved 1048576K
GC Heap History (20 events):
Event: 9.119 GC heap before
{Heap before GC invocations=22 (full 2):
 PSYoungGen      total 24576K, used 24349K [0x00000000eab00000, 0x00000000ec580000, 0x0000000100000000)
  eden space 22016K, 100% used [0x00000000eab00000,0x00000000ec080000,0x00000000ec080000)
  from space 2560K, 91% used [0x00000000ec080000,0x00000000ec2c7780,0x00000000ec300000)
  to   space 2560K, 0% used [0x00000000ec300000,0x00000000ec300000,0x00000000ec580000)
 ParOldGen       total 68608K, used 24579K [0x00000000c0000000, 0x00000000c4300000, 0x00000000eab00000)
  object space 68608K, 35% used [0x00000000c0000000,0x00000000c1800e00,0x00000000c4300000)
 Metaspace       used 42217K, committed 43392K, reserved 1114112K
  class space    used 4422K, committed 4928K, reserved 1048576K
}
Event: 9.126 GC heap after
{Heap after GC invocations=22 (full 2):
 PSYoungGen      total 22016K, used 2530K [0x00000000eab00000, 0x00000000eca80000, 0x0000000100000000)
  eden space 19456K, 0% used [0x00000000eab00000,0x00000000eab00000,0x00000000ebe00000)
  from space 2560K, 98% used [0x00000000ec300000,0x00000000ec578800,0x00000000ec580000)
  to   space 5120K, 0% used [0x00000000ebe00000,0x00000000ebe00000,0x00000000ec300000)
 ParOldGen       total 68608K, used 26550K [0x00000000c0000000, 0x00000000c4300000, 0x00000000eab00000)
  object space 68608K, 38% used [0x00000000c0000000,0x00000000c19edaf0,0x00000000c4300000)
 Metaspace       used 42217K, committed 43392K, reserved 1114112K
  class space    used 4422K, committed 4928K, reserved 1048576K
}
Event: 9.228 GC heap before
{Heap before GC invocations=23 (full 2):
 PSYoungGen      total 22016K, used 21986K [0x00000000eab00000, 0x00000000eca80000, 0x0000000100000000)
  eden space 19456K, 100% used [0x00000000eab00000,0x00000000ebe00000,0x00000000ebe00000)
  from space 2560K, 98% used [0x00000000ec300000,0x00000000ec578800,0x00000000ec580000)
  to   space 5120K, 0% used [0x00000000ebe00000,0x00000000ebe00000,0x00000000ec300000)
 ParOldGen       total 68608K, used 26550K [0x00000000c0000000, 0x00000000c4300000, 0x00000000eab00000)
  object space 68608K, 38% used [0x00000000c0000000,0x00000000c19edaf0,0x00000000c4300000)
 Metaspace       used 42546K, committed 43776K, reserved 1114112K
  class space    used 4461K, committed 4992K, reserved 1048576K
}
Event: 9.234 GC heap after
{Heap after GC invocations=23 (full 2):
 PSYoungGen      total 22016K, used 2148K [0x00000000eab00000, 0x00000000ec400000, 0x0000000100000000)
  eden space 19456K, 0% used [0x00000000eab00000,0x00000000eab00000,0x00000000ebe00000)
  from space 2560K, 83% used [0x00000000ebe00000,0x00000000ec019000,0x00000000ec080000)
  to   space 3072K, 0% used [0x00000000ec100000,0x00000000ec100000,0x00000000ec400000)
 ParOldGen       total 68608K, used 28837K [0x00000000c0000000, 0x00000000c4300000, 0x00000000eab00000)
  object space 68608K, 42% used [0x00000000c0000000,0x00000000c1c294a0,0x00000000c4300000)
 Metaspace       used 42546K, committed 43776K, reserved 1114112K
  class space    used 4461K, committed 4992K, reserved 1048576K
}
Event: 9.358 GC heap before
{Heap before GC invocations=24 (full 2):
 PSYoungGen      total 22016K, used 21604K [0x00000000eab00000, 0x00000000ec400000, 0x0000000100000000)
  eden space 19456K, 100% used [0x00000000eab00000,0x00000000ebe00000,0x00000000ebe00000)
  from space 2560K, 83% used [0x00000000ebe00000,0x00000000ec019000,0x00000000ec080000)
  to   space 3072K, 0% used [0x00000000ec100000,0x00000000ec100000,0x00000000ec400000)
 ParOldGen       total 68608K, used 28837K [0x00000000c0000000, 0x00000000c4300000, 0x00000000eab00000)
  object space 68608K, 42% used [0x00000000c0000000,0x00000000c1c294a0,0x00000000c4300000)
 Metaspace       used 42910K, committed 44096K, reserved 1114112K
  class space    used 4504K, committed 4992K, reserved 1048576K
}
Event: 9.363 GC heap after
{Heap after GC invocations=24 (full 2):
 PSYoungGen      total 22016K, used 2112K [0x00000000eab00000, 0x00000000ec380000, 0x0000000100000000)
  eden space 19456K, 0% used [0x00000000eab00000,0x00000000eab00000,0x00000000ebe00000)
  from space 2560K, 82% used [0x00000000ec100000,0x00000000ec310010,0x00000000ec380000)
  to   space 2560K, 0% used [0x00000000ebe00000,0x00000000ebe00000,0x00000000ec080000)
 ParOldGen       total 68608K, used 30813K [0x00000000c0000000, 0x00000000c4300000, 0x00000000eab00000)
  object space 68608K, 44% used [0x00000000c0000000,0x00000000c1e175a0,0x00000000c4300000)
 Metaspace       used 42910K, committed 44096K, reserved 1114112K
  class space    used 4504K, committed 4992K, reserved 1048576K
}
Event: 9.484 GC heap before
{Heap before GC invocations=25 (full 2):
 PSYoungGen      total 22016K, used 21568K [0x00000000eab00000, 0x00000000ec380000, 0x0000000100000000)
  eden space 19456K, 100% used [0x00000000eab00000,0x00000000ebe00000,0x00000000ebe00000)
  from space 2560K, 82% used [0x00000000ec100000,0x00000000ec310010,0x00000000ec380000)
  to   space 2560K, 0% used [0x00000000ebe00000,0x00000000ebe00000,0x00000000ec080000)
 ParOldGen       total 68608K, used 30813K [0x00000000c0000000, 0x00000000c4300000, 0x00000000eab00000)
  object space 68608K, 44% used [0x00000000c0000000,0x00000000c1e175d8,0x00000000c4300000)
 Metaspace       used 43393K, committed 44544K, reserved 1114112K
  class space    used 4552K, committed 5056K, reserved 1048576K
}
Event: 9.490 GC heap after
{Heap after GC invocations=25 (full 2):
 PSYoungGen      total 21504K, used 1784K [0x00000000eab00000, 0x00000000ec200000, 0x0000000100000000)
  eden space 19456K, 0% used [0x00000000eab00000,0x00000000eab00000,0x00000000ebe00000)
  from space 2048K, 87% used [0x00000000ebe00000,0x00000000ebfbe200,0x00000000ec000000)
  to   space 2048K, 0% used [0x00000000ec000000,0x00000000ec000000,0x00000000ec200000)
 ParOldGen       total 68608K, used 32821K [0x00000000c0000000, 0x00000000c4300000, 0x00000000eab00000)
  object space 68608K, 47% used [0x00000000c0000000,0x00000000c200d5e8,0x00000000c4300000)
 Metaspace       used 43393K, committed 44544K, reserved 1114112K
  class space    used 4552K, committed 5056K, reserved 1048576K
}
Event: 9.689 GC heap before
{Heap before GC invocations=26 (full 2):
 PSYoungGen      total 21504K, used 21240K [0x00000000eab00000, 0x00000000ec200000, 0x0000000100000000)
  eden space 19456K, 100% used [0x00000000eab00000,0x00000000ebe00000,0x00000000ebe00000)
  from space 2048K, 87% used [0x00000000ebe00000,0x00000000ebfbe200,0x00000000ec000000)
  to   space 2048K, 0% used [0x00000000ec000000,0x00000000ec000000,0x00000000ec200000)
 ParOldGen       total 68608K, used 32823K [0x00000000c0000000, 0x00000000c4300000, 0x00000000eab00000)
  object space 68608K, 47% used [0x00000000c0000000,0x00000000c200dfd0,0x00000000c4300000)
 Metaspace       used 44156K, committed 45376K, reserved 1114112K
  class space    used 4649K, committed 5184K, reserved 1048576K
}
Event: 9.694 GC heap after
{Heap after GC invocations=26 (full 2):
 PSYoungGen      total 17920K, used 2037K [0x00000000eab00000, 0x00000000ec900000, 0x0000000100000000)
  eden space 15872K, 0% used [0x00000000eab00000,0x00000000eab00000,0x00000000eba80000)
  from space 2048K, 99% used [0x00000000ec000000,0x00000000ec1fd598,0x00000000ec200000)
  to   space 5632K, 0% used [0x00000000eba80000,0x00000000eba80000,0x00000000ec000000)
 ParOldGen       total 68608K, used 35568K [0x00000000c0000000, 0x00000000c4300000, 0x00000000eab00000)
  object space 68608K, 51% used [0x00000000c0000000,0x00000000c22bc1d0,0x00000000c4300000)
 Metaspace       used 44156K, committed 45376K, reserved 1114112K
  class space    used 4649K, committed 5184K, reserved 1048576K
}
Event: 9.826 GC heap before
{Heap before GC invocations=27 (full 2):
 PSYoungGen      total 17920K, used 17909K [0x00000000eab00000, 0x00000000ec900000, 0x0000000100000000)
  eden space 15872K, 100% used [0x00000000eab00000,0x00000000eba80000,0x00000000eba80000)
  from space 2048K, 99% used [0x00000000ec000000,0x00000000ec1fd598,0x00000000ec200000)
  to   space 5632K, 0% used [0x00000000eba80000,0x00000000eba80000,0x00000000ec000000)
 ParOldGen       total 68608K, used 35568K [0x00000000c0000000, 0x00000000c4300000, 0x00000000eab00000)
  object space 68608K, 51% used [0x00000000c0000000,0x00000000c22bc1d0,0x00000000c4300000)
 Metaspace       used 44434K, committed 45696K, reserved 1114112K
  class space    used 4686K, committed 5248K, reserved 1048576K
}
Event: 9.832 GC heap after
{Heap after GC invocations=27 (full 2):
 PSYoungGen      total 19456K, used 3273K [0x00000000eab00000, 0x00000000ec280000, 0x0000000100000000)
  eden space 15872K, 0% used [0x00000000eab00000,0x00000000eab00000,0x00000000eba80000)
  from space 3584K, 91% used [0x00000000eba80000,0x00000000ebdb24b8,0x00000000ebe00000)
  to   space 4096K, 0% used [0x00000000ebe80000,0x00000000ebe80000,0x00000000ec280000)
 ParOldGen       total 68608K, used 37513K [0x00000000c0000000, 0x00000000c4300000, 0x00000000eab00000)
  object space 68608K, 54% used [0x00000000c0000000,0x00000000c24a26f0,0x00000000c4300000)
 Metaspace       used 44434K, committed 45696K, reserved 1114112K
  class space    used 4686K, committed 5248K, reserved 1048576K
}
Event: 9.917 GC heap before
{Heap before GC invocations=28 (full 2):
 PSYoungGen      total 19456K, used 19145K [0x00000000eab00000, 0x00000000ec280000, 0x0000000100000000)
  eden space 15872K, 100% used [0x00000000eab00000,0x00000000eba80000,0x00000000eba80000)
  from space 3584K, 91% used [0x00000000eba80000,0x00000000ebdb24b8,0x00000000ebe00000)
  to   space 4096K, 0% used [0x00000000ebe80000,0x00000000ebe80000,0x00000000ec280000)
 ParOldGen       total 68608K, used 37513K [0x00000000c0000000, 0x00000000c4300000, 0x00000000eab00000)
  object space 68608K, 54% used [0x00000000c0000000,0x00000000c24a26f0,0x00000000c4300000)
 Metaspace       used 44649K, committed 45888K, reserved 1114112K
  class space    used 4712K, committed 5248K, reserved 1048576K
}
Event: 9.922 GC heap after
{Heap after GC invocations=28 (full 2):
 PSYoungGen      total 17408K, used 1088K [0x00000000eab00000, 0x00000000ec000000, 0x0000000100000000)
  eden space 15872K, 0% used [0x00000000eab00000,0x00000000eab00000,0x00000000eba80000)
  from space 1536K, 70% used [0x00000000ebe80000,0x00000000ebf90000,0x00000000ec000000)
  to   space 2048K, 0% used [0x00000000ebc00000,0x00000000ebc00000,0x00000000ebe00000)
 ParOldGen       total 68608K, used 40634K [0x00000000c0000000, 0x00000000c4300000, 0x00000000eab00000)
  object space 68608K, 59% used [0x00000000c0000000,0x00000000c27aeb98,0x00000000c4300000)
 Metaspace       used 44649K, committed 45888K, reserved 1114112K
  class space    used 4712K, committed 5248K, reserved 1048576K
}
Event: 9.989 GC heap before
{Heap before GC invocations=29 (full 2):
 PSYoungGen      total 17408K, used 16960K [0x00000000eab00000, 0x00000000ec000000, 0x0000000100000000)
  eden space 15872K, 100% used [0x00000000eab00000,0x00000000eba80000,0x00000000eba80000)
  from space 1536K, 70% used [0x00000000ebe80000,0x00000000ebf90000,0x00000000ec000000)
  to   space 2048K, 0% used [0x00000000ebc00000,0x00000000ebc00000,0x00000000ebe00000)
 ParOldGen       total 68608K, used 40634K [0x00000000c0000000, 0x00000000c4300000, 0x00000000eab00000)
  object space 68608K, 59% used [0x00000000c0000000,0x00000000c27aeb98,0x00000000c4300000)
 Metaspace       used 44805K, committed 46080K, reserved 1114112K
  class space    used 4732K, committed 5248K, reserved 1048576K
}
Event: 9.993 GC heap after
{Heap after GC invocations=29 (full 2):
 PSYoungGen      total 17408K, used 1040K [0x00000000eab00000, 0x00000000ebf00000, 0x0000000100000000)
  eden space 15872K, 0% used [0x00000000eab00000,0x00000000eab00000,0x00000000eba80000)
  from space 1536K, 67% used [0x00000000ebc00000,0x00000000ebd04010,0x00000000ebd80000)
  to   space 1536K, 0% used [0x00000000ebd80000,0x00000000ebd80000,0x00000000ebf00000)
 ParOldGen       total 68608K, used 41578K [0x00000000c0000000, 0x00000000c4300000, 0x00000000eab00000)
  object space 68608K, 60% used [0x00000000c0000000,0x00000000c289ab98,0x00000000c4300000)
 Metaspace       used 44805K, committed 46080K, reserved 1114112K
  class space    used 4732K, committed 5248K, reserved 1048576K
}
Event: 10.150 GC heap before
{Heap before GC invocations=30 (full 2):
 PSYoungGen      total 17408K, used 16912K [0x00000000eab00000, 0x00000000ebf00000, 0x0000000100000000)
  eden space 15872K, 100% used [0x00000000eab00000,0x00000000eba80000,0x00000000eba80000)
  from space 1536K, 67% used [0x00000000ebc00000,0x00000000ebd04010,0x00000000ebd80000)
  to   space 1536K, 0% used [0x00000000ebd80000,0x00000000ebd80000,0x00000000ebf00000)
 ParOldGen       total 68608K, used 41578K [0x00000000c0000000, 0x00000000c4300000, 0x00000000eab00000)
  object space 68608K, 60% used [0x00000000c0000000,0x00000000c289ab98,0x00000000c4300000)
 Metaspace       used 45835K, committed 47040K, reserved 1114112K
  class space    used 4851K, committed 5376K, reserved 1048576K
}
Event: 10.154 GC heap after
{Heap after GC invocations=30 (full 2):
 PSYoungGen      total 17408K, used 1261K [0x00000000eab00000, 0x00000000ebf00000, 0x0000000100000000)
  eden space 15872K, 0% used [0x00000000eab00000,0x00000000eab00000,0x00000000eba80000)
  from space 1536K, 82% used [0x00000000ebd80000,0x00000000ebebb510,0x00000000ebf00000)
  to   space 1536K, 0% used [0x00000000ebc00000,0x00000000ebc00000,0x00000000ebd80000)
 ParOldGen       total 68608K, used 42490K [0x00000000c0000000, 0x00000000c4300000, 0x00000000eab00000)
  object space 68608K, 61% used [0x00000000c0000000,0x00000000c297eb98,0x00000000c4300000)
 Metaspace       used 45835K, committed 47040K, reserved 1114112K
  class space    used 4851K, committed 5376K, reserved 1048576K
}
Event: 10.400 GC heap before
{Heap before GC invocations=31 (full 2):
 PSYoungGen      total 17408K, used 17133K [0x00000000eab00000, 0x00000000ebf00000, 0x0000000100000000)
  eden space 15872K, 100% used [0x00000000eab00000,0x00000000eba80000,0x00000000eba80000)
  from space 1536K, 82% used [0x00000000ebd80000,0x00000000ebebb510,0x00000000ebf00000)
  to   space 1536K, 0% used [0x00000000ebc00000,0x00000000ebc00000,0x00000000ebd80000)
 ParOldGen       total 68608K, used 42490K [0x00000000c0000000, 0x00000000c4300000, 0x00000000eab00000)
  object space 68608K, 61% used [0x00000000c0000000,0x00000000c297eb98,0x00000000c4300000)
 Metaspace       used 46396K, committed 47616K, reserved 1114112K
  class space    used 4915K, committed 5440K, reserved 1048576K
}
Event: 10.405 GC heap after
{Heap after GC invocations=31 (full 2):
 PSYoungGen      total 17408K, used 1527K [0x00000000eab00000, 0x00000000ec180000, 0x0000000100000000)
  eden space 15872K, 0% used [0x00000000eab00000,0x00000000eab00000,0x00000000eba80000)
  from space 1536K, 99% used [0x00000000ebc00000,0x00000000ebd7df08,0x00000000ebd80000)
  to   space 3584K, 0% used [0x00000000ebe00000,0x00000000ebe00000,0x00000000ec180000)
 ParOldGen       total 68608K, used 43784K [0x00000000c0000000, 0x00000000c4300000, 0x00000000eab00000)
  object space 68608K, 63% used [0x00000000c0000000,0x00000000c2ac20a8,0x00000000c4300000)
 Metaspace       used 46396K, committed 47616K, reserved 1114112K
  class space    used 4915K, committed 5440K, reserved 1048576K
}

